240501-1557 - Work on finalizing bootnode testing
240501-1826 - add subxt/smoldot into gavel
240501-1923 - fix bootnode tests
240501-2154 - open ibp-network/polkadot-sdk PR for fixing broken bootnodes
240502-0154 - work ansible script for genpeerid backups
240502-0602 - work on fixing bootnode PR / create PR to upstream
240502-1620 - debug bootnode workflow
240502-1959 - work fixing monitor
240502-2055 - add in gavel feature to resolve endpoints to another IP
240502-2312 - make gavel test services.json
240503-0137 - write wiki
240503-0218 - rework endpoints to use syndicate domains
240503-0541 - work on snitch to receive endpoint/bootnode data and send alerts to matrix/telegram
240503-0640 - work on api to receive data
240503-2005 - work on matrixbot
240504-0124 - matrix alerts
240504-0423 - focus on fixing our bootnodes.json data based on initial tests
240504-0502 - add encointer into parachain testing
240504-0913 - make longer bootnode testing while making process parallel
240504-1051 - add prometheus exporter for peers into gavel
240504-2158 - draw graphviz
240504-2316 - test_bootnode to use prometheus
240505-0052 - work on parallel bootnodes
240505-0344 - fix github workflows to work with parallel version
